================================
SOLUTION FOR sdtruss0.dat
================================
#sdtruss0.dat
# Simplest statically determined truss. By changing the x dimension
# of node 6, it can be made unstable.  Analyse it for vertical force,
# or horizontal force at node 1.
general
#   noNodes, noMembers, noAuxiliaries, noLoadCases (always 1)
g  4        5          3              1
# no of line in load entry
g  1
nodes
# Nodal list
# t no  x  y
t 1   2  4
t 2   0  2
t 3   2  2
t 4   4  2
# auxiliaries
t 5   0   0
t 6   3.5 0
t 7   4   0
members
t 1  2  1
t 2  2  3
t 3  3  1
t 4  1  4
t 5  3  4
# Reactions or Auxiliary members.
t 6  2  5
t 7  3  6
t 8  4  7
loads
# node  X load, Y load
1     0       2
end
*** Data Echo Finished ***
echo of "general" flag.
#sdtruss0.dat
# Simplest statically determined truss. By changing the x dimension
# of node 6, it can be made unstable.  Analyse it for vertical force,
# or horizontal force at node 1.
  general
#   noNodes, noMembers, noAuxiliaries, noLoadCases (always 1)
 g  4        5          3              1
# no of line in load entry
 g  1
noLoadLines = 1
 nodes
# Nodal list
# t no  x  y
  t 1   2  4
Node freedoms 1 2
  t 2   0  2
Node freedoms 3 4
  t 3   2  2
Node freedoms 5 6
  t 4   4  2
Node freedoms 7 8
# auxiliaries
  t 5   0   0
Node freedoms 9 10
  t 6   3.5 0
Node freedoms 11 12
  t 7   4   0
Node freedoms 13 14
nodes =
1 (1, 2.0, 4.0, 1, 2)
2 (2, 0.0, 2.0, 3, 4)
3 (3, 2.0, 2.0, 5, 6)
4 (4, 4.0, 2.0, 7, 8)
5 (5, 0.0, 0.0, 9, 10)
6 (6, 3.5, 0.0, 11, 12)
7 (7, 4.0, 0.0, 13, 14)
 members
  t 1  2  1
  t 2  2  3
  t 3  3  1
  t 4  1  4
  t 5  3  4
# Reactions or Auxiliary members.
  t 6  2  5
  t 7  3  6
  t 8  4  7
members =
1 (1, 2, 1)
2 (2, 2, 3)
3 (3, 3, 1)
4 (4, 1, 4)
5 (5, 3, 4)
6 (6, 2, 5)
7 (7, 3, 6)
8 (8, 4, 7)
(1, 2, 1)
member_no, locvec = 1   3 4 1 2
direction cosines = 0.707106781187 0.707106781187
(2, 2, 3)
member_no, locvec = 2   3 4 5 6
direction cosines = 1.0 0.0
(3, 3, 1)
member_no, locvec = 3   5 6 1 2
direction cosines = 0.0 1.0
(4, 1, 4)
member_no, locvec = 4   1 2 7 8
direction cosines = 0.707106781187 -0.707106781187
(5, 3, 4)
member_no, locvec = 5   5 6 7 8
direction cosines = 1.0 0.0
(6, 2, 5)
member_no, locvec = 6   3 4 9 10
direction cosines = 0.0 -1.0
(7, 3, 6)
member_no, locvec = 7   5 6 11 12
direction cosines = 0.6 -0.8
(8, 4, 7)
member_no, locvec = 8   7 8 13 14
direction cosines = 0.0 -1.0
memprops =
1 [3, 4, 1, 2, 0.70710678118654746, 0.70710678118654746]
2 [3, 4, 5, 6, 1.0, 0.0]
3 [5, 6, 1, 2, 0.0, 1.0]
4 [1, 2, 7, 8, 0.70710678118654746, -0.70710678118654746]
5 [5, 6, 7, 8, 1.0, 0.0]
6 [3, 4, 9, 10, 0.0, -1.0]
7 [5, 6, 11, 12, 0.59999999999999998, -0.80000000000000004]
8 [7, 8, 13, 14, 0.0, -1.0]
Dimension of connection mat ndim =8

Connection matrix
Matrix of dimensions (8 x 8)
 -7.07107E-01   0.00000E+00   0.00000E+00   7.07107E-01   0.00000E+00
  0.00000E+00   0.00000E+00   0.00000E+00

 -7.07107E-01   0.00000E+00  -1.00000E+00  -7.07107E-01   0.00000E+00
  0.00000E+00   0.00000E+00   0.00000E+00

  7.07107E-01   1.00000E+00   0.00000E+00   0.00000E+00   0.00000E+00
  0.00000E+00   0.00000E+00   0.00000E+00

  7.07107E-01   0.00000E+00   0.00000E+00   0.00000E+00   0.00000E+00
 -1.00000E+00   0.00000E+00   0.00000E+00

  0.00000E+00  -1.00000E+00   0.00000E+00   0.00000E+00   1.00000E+00
  0.00000E+00   6.00000E-01   0.00000E+00

  0.00000E+00   0.00000E+00   1.00000E+00   0.00000E+00   0.00000E+00
  0.00000E+00  -8.00000E-01   0.00000E+00

  0.00000E+00   0.00000E+00   0.00000E+00  -7.07107E-01  -1.00000E+00
  0.00000E+00   0.00000E+00   0.00000E+00

  0.00000E+00   0.00000E+00   0.00000E+00   7.07107E-01   0.00000E+00
  0.00000E+00   0.00000E+00  -1.00000E+00

 loads
# node  X load, Y load
  1     0       2

Load matrix =
Matrix of dimensions (8 x 1)
 -0.00000E+00
 -2.00000E+00
  0.00000E+00
  0.00000E+00
  0.00000E+00
  0.00000E+00
  0.00000E+00
  0.00000E+00

Member Actions, [Ni | Ri] matrix.
Matrix of dimensions (8 x 1)
  1.41421E+00
 -1.00000E+00
  4.05492E-17
  1.41421E+00
 -1.00000E+00
  1.00000E+00
  0.00000E+00
  1.00000E+00

matrix condition number = 11.6995513319
