================================
SOLUTION FOR sdtruss3.dat
================================
# sdtruss3.dat - Statically Determinate Complex Truss #3
# "Basic Concepts of Structural Analysis" AS Hall and AP Kabaila,
# Pitman Pub. (c) A Hall and AP Kabaila 1977 - aka "Basic Concepts".
# Ref. "Basic Concepts" p61 Fig. 4.6
# Flags - whim for this program
general
#   noNodes, noMembers, noAuxiliaries
g  8        13         3
g  3
nodes
# Nodal list
# t no  x   y
t 1   0   0
t 2   5   5
t 3   10  5
t 4   15  5
t 5   20  0
t 6   5   0
t 7   10  2.5
t 8   15  0
#auxiliaries
t 9   0  5
t 10  4  0
t 11  20 5
members
t 1  1  2
t 2  1  6
t 3  1  5
t 4  6  2
t 5  2  3
t 6  6  7
t 7  7  3
t 8  3  4
t 9  3  5
t 10 7  8
t 11 8  4
t 12 4  5
t 13 8  5
# Auxiliary members next
t 14 1  10
t 15 1  9
t 16 5  11
loads
# node  X load, Y load
2     10      4
3     0       6
4     0      -13
end

*** Data Echo Finished ***
echo of "general" flag.
# sdtruss3.dat - Statically Determinate Complex Truss #3
# "Basic Concepts of Structural Analysis" AS Hall and AP Kabaila,
# Pitman Pub. (c) A Hall and AP Kabaila 1977 - aka "Basic Concepts".
# Ref. "Basic Concepts" p61 Fig. 4.6
# Flags - whim for this program
 general
#   noNodes, noMembers, noAuxiliaries
 g  8        13         3
 g  3
noLoadLines = 3
 nodes
# Nodal list
# t no  x   y
  t 1   0   0
Node freedoms 1 2
  t 2   5   5
Node freedoms 3 4
  t 3   10  5
Node freedoms 5 6
  t 4   15  5
Node freedoms 7 8
  t 5   20  0
Node freedoms 9 10
  t 6   5   0
Node freedoms 11 12
  t 7   10  2.5
Node freedoms 13 14
  t 8   15  0
Node freedoms 15 16
#auxiliaries
  t 9   0  5
Node freedoms 17 18
  t 10  4  0
Node freedoms 19 20
  t 11  20 5
Node freedoms 21 22
nodes =
1 (1, 0.0, 0.0, 1, 2)
2 (2, 5.0, 5.0, 3, 4)
3 (3, 10.0, 5.0, 5, 6)
4 (4, 15.0, 5.0, 7, 8)
5 (5, 20.0, 0.0, 9, 10)
6 (6, 5.0, 0.0, 11, 12)
7 (7, 10.0, 2.5, 13, 14)
8 (8, 15.0, 0.0, 15, 16)
9 (9, 0.0, 5.0, 17, 18)
10 (10, 4.0, 0.0, 19, 20)
11 (11, 20.0, 5.0, 21, 22)
 members
  t 1  1  2
  t 2  1  6
  t 3  1  5
  t 4  6  2
  t 5  2  3
  t 6  6  7
  t 7  7  3
  t 8  3  4
  t 9  3  5
  t 10 7  8
  t 11 8  4
  t 12 4  5
  t 13 8  5
# Auxiliary members next
  t 14 1  10
  t 15 1  9
  t 16 5  11
members =
1 (1, 1, 2)
2 (2, 1, 6)
3 (3, 1, 5)
4 (4, 6, 2)
5 (5, 2, 3)
6 (6, 6, 7)
7 (7, 7, 3)
8 (8, 3, 4)
9 (9, 3, 5)
10 (10, 7, 8)
11 (11, 8, 4)
12 (12, 4, 5)
13 (13, 8, 5)
14 (14, 1, 10)
15 (15, 1, 9)
16 (16, 5, 11)
(1, 1, 2)
member_no, locvec = 1   1 2 3 4
direction cosines = 0.707106781187 0.707106781187
(2, 1, 6)
member_no, locvec = 2   1 2 11 12
direction cosines = 1.0 0.0
(3, 1, 5)
member_no, locvec = 3   1 2 9 10
direction cosines = 1.0 0.0
(4, 6, 2)
member_no, locvec = 4   11 12 3 4
direction cosines = 0.0 1.0
(5, 2, 3)
member_no, locvec = 5   3 4 5 6
direction cosines = 1.0 0.0
(6, 6, 7)
member_no, locvec = 6   11 12 13 14
direction cosines = 0.894427191 0.4472135955
(7, 7, 3)
member_no, locvec = 7   13 14 5 6
direction cosines = 0.0 1.0
(8, 3, 4)
member_no, locvec = 8   5 6 7 8
direction cosines = 1.0 0.0
(9, 3, 5)
member_no, locvec = 9   5 6 9 10
direction cosines = 0.894427191 -0.4472135955
(10, 7, 8)
member_no, locvec = 10   13 14 15 16
direction cosines = 0.894427191 -0.4472135955
(11, 8, 4)
member_no, locvec = 11   15 16 7 8
direction cosines = 0.0 1.0
(12, 4, 5)
member_no, locvec = 12   7 8 9 10
direction cosines = 0.707106781187 -0.707106781187
(13, 8, 5)
member_no, locvec = 13   15 16 9 10
direction cosines = 1.0 0.0
(14, 1, 10)
member_no, locvec = 14   1 2 19 20
direction cosines = 1.0 0.0
(15, 1, 9)
member_no, locvec = 15   1 2 17 18
direction cosines = 0.0 1.0
(16, 5, 11)
member_no, locvec = 16   9 10 21 22
direction cosines = 0.0 1.0
memprops =
1 [1, 2, 3, 4, 0.70710678118654746, 0.70710678118654746]
2 [1, 2, 11, 12, 1.0, 0.0]
3 [1, 2, 9, 10, 1.0, 0.0]
4 [11, 12, 3, 4, 0.0, 1.0]
5 [3, 4, 5, 6, 1.0, 0.0]
6 [11, 12, 13, 14, 0.89442719099991586, 0.44721359549995793]
7 [13, 14, 5, 6, 0.0, 1.0]
8 [5, 6, 7, 8, 1.0, 0.0]
9 [5, 6, 9, 10, 0.89442719099991586, -0.44721359549995793]
10 [13, 14, 15, 16, 0.89442719099991586, -0.44721359549995793]
11 [15, 16, 7, 8, 0.0, 1.0]
12 [7, 8, 9, 10, 0.70710678118654746, -0.70710678118654746]
13 [15, 16, 9, 10, 1.0, 0.0]
14 [1, 2, 19, 20, 1.0, 0.0]
15 [1, 2, 17, 18, 0.0, 1.0]
16 [9, 10, 21, 22, 0.0, 1.0]
Dimension of connection mat ndim =16

Connection matrix
Matrix of dimensions (16 x 16)
  7.07107E-01   1.00000E+00   1.00000E+00   0.00000E+00   0.00000E+00
  0.00000E+00   0.00000E+00   0.00000E+00   0.00000E+00   0.00000E+00
  0.00000E+00   0.00000E+00   0.00000E+00   1.00000E+00   0.00000E+00
  0.00000E+00

  7.07107E-01   0.00000E+00   0.00000E+00   0.00000E+00   0.00000E+00
  0.00000E+00   0.00000E+00   0.00000E+00   0.00000E+00   0.00000E+00
  0.00000E+00   0.00000E+00   0.00000E+00   0.00000E+00   1.00000E+00
  0.00000E+00

 -7.07107E-01   0.00000E+00   0.00000E+00   0.00000E+00   1.00000E+00
  0.00000E+00   0.00000E+00   0.00000E+00   0.00000E+00   0.00000E+00
  0.00000E+00   0.00000E+00   0.00000E+00   0.00000E+00   0.00000E+00
  0.00000E+00

 -7.07107E-01   0.00000E+00   0.00000E+00  -1.00000E+00   0.00000E+00
  0.00000E+00   0.00000E+00   0.00000E+00   0.00000E+00   0.00000E+00
  0.00000E+00   0.00000E+00   0.00000E+00   0.00000E+00   0.00000E+00
  0.00000E+00

  0.00000E+00   0.00000E+00   0.00000E+00   0.00000E+00  -1.00000E+00
  0.00000E+00   0.00000E+00   1.00000E+00   8.94427E-01   0.00000E+00
  0.00000E+00   0.00000E+00   0.00000E+00   0.00000E+00   0.00000E+00
  0.00000E+00

  0.00000E+00   0.00000E+00   0.00000E+00   0.00000E+00   0.00000E+00
  0.00000E+00  -1.00000E+00   0.00000E+00  -4.47214E-01   0.00000E+00
  0.00000E+00   0.00000E+00   0.00000E+00   0.00000E+00   0.00000E+00
  0.00000E+00

  0.00000E+00   0.00000E+00   0.00000E+00   0.00000E+00   0.00000E+00
  0.00000E+00   0.00000E+00  -1.00000E+00   0.00000E+00   0.00000E+00
  0.00000E+00   7.07107E-01   0.00000E+00   0.00000E+00   0.00000E+00
  0.00000E+00

  0.00000E+00   0.00000E+00   0.00000E+00   0.00000E+00   0.00000E+00
  0.00000E+00   0.00000E+00   0.00000E+00   0.00000E+00   0.00000E+00
 -1.00000E+00  -7.07107E-01   0.00000E+00   0.00000E+00   0.00000E+00
  0.00000E+00

  0.00000E+00   0.00000E+00  -1.00000E+00   0.00000E+00   0.00000E+00
  0.00000E+00   0.00000E+00   0.00000E+00  -8.94427E-01   0.00000E+00
  0.00000E+00  -7.07107E-01  -1.00000E+00   0.00000E+00   0.00000E+00
  0.00000E+00

  0.00000E+00   0.00000E+00   0.00000E+00   0.00000E+00   0.00000E+00
  0.00000E+00   0.00000E+00   0.00000E+00   4.47214E-01   0.00000E+00
  0.00000E+00   7.07107E-01   0.00000E+00   0.00000E+00   0.00000E+00
  1.00000E+00

  0.00000E+00  -1.00000E+00   0.00000E+00   0.00000E+00   0.00000E+00
  8.94427E-01   0.00000E+00   0.00000E+00   0.00000E+00   0.00000E+00
  0.00000E+00   0.00000E+00   0.00000E+00   0.00000E+00   0.00000E+00
  0.00000E+00

  0.00000E+00   0.00000E+00   0.00000E+00   1.00000E+00   0.00000E+00
  4.47214E-01   0.00000E+00   0.00000E+00   0.00000E+00   0.00000E+00
  0.00000E+00   0.00000E+00   0.00000E+00   0.00000E+00   0.00000E+00
  0.00000E+00

  0.00000E+00   0.00000E+00   0.00000E+00   0.00000E+00   0.00000E+00
 -8.94427E-01   0.00000E+00   0.00000E+00   0.00000E+00   8.94427E-01
  0.00000E+00   0.00000E+00   0.00000E+00   0.00000E+00   0.00000E+00
  0.00000E+00

  0.00000E+00   0.00000E+00   0.00000E+00   0.00000E+00   0.00000E+00
 -4.47214E-01   1.00000E+00   0.00000E+00   0.00000E+00  -4.47214E-01
  0.00000E+00   0.00000E+00   0.00000E+00   0.00000E+00   0.00000E+00
  0.00000E+00

  0.00000E+00   0.00000E+00   0.00000E+00   0.00000E+00   0.00000E+00
  0.00000E+00   0.00000E+00   0.00000E+00   0.00000E+00  -8.94427E-01
  0.00000E+00   0.00000E+00   1.00000E+00   0.00000E+00   0.00000E+00
  0.00000E+00

  0.00000E+00   0.00000E+00   0.00000E+00   0.00000E+00   0.00000E+00
  0.00000E+00   0.00000E+00   0.00000E+00   0.00000E+00   4.47214E-01
  1.00000E+00   0.00000E+00   0.00000E+00   0.00000E+00   0.00000E+00
  0.00000E+00

 loads
# node  X load, Y load
  2     10      4
  3     0       6
  4     0      -13

Load matrix =
Matrix of dimensions (16 x 1)
  0.00000E+00
  0.00000E+00
 -1.00000E+01
 -4.00000E+00
 -0.00000E+00
 -6.00000E+00
 -0.00000E+00
  1.30000E+01
  0.00000E+00
  0.00000E+00
  0.00000E+00
  0.00000E+00
  0.00000E+00
  0.00000E+00
  0.00000E+00
  0.00000E+00

Member Actions, [Ni | Ri] matrix.
Matrix of dimensions (16 x 1)
  7.42462E+00
  2.50000E+00
  2.25000E+00
 -1.25000E+00
 -4.75000E+00
  2.79508E+00
  2.50000E+00
 -1.17500E+01
  7.82624E+00
  2.79508E+00
 -1.25000E+00
 -1.66170E+01
  2.50000E+00
 -1.00000E+01
 -5.25000E+00
  8.25000E+00

matrix condition number = 14.9856951066
